Using selector: EpollSelector
Watching for file changes with StatReloader
This is a logging message
Got 2 posts
This is a logging message
Got 2 posts
Created comment on Post 1 for user AnonymousUser
Using selector: EpollSelector
Using selector: EpollSelector
Watching for file changes with StatReloader
This is a logging message
Got 2 posts
This is a logging message
Got 2 posts
Using selector: EpollSelector
Using selector: EpollSelector
Watching for file changes with StatReloader
This is a logging message
Got 2 posts
Not Found: /favicon.ico/
This is a logging message
Got 2 posts
This is a logging message
Got 2 posts
Created comment on Post 2 for user AnonymousUser
Using selector: EpollSelector
Using selector: EpollSelector
Watching for file changes with StatReloader
Created comment on Post 2 for user AnonymousUser
This is a logging message
Got 2 posts
This is a logging message
Got 2 posts
Not Found: /favicon.ico/
Using selector: EpollSelector
Using selector: EpollSelector
Watching for file changes with StatReloader
This is a logging message
Got 2 posts
This is a logging message
Got 2 posts
Not Found: /favicon.ico/
Using selector: EpollSelector
Using selector: EpollSelector
Watching for file changes with StatReloader
This is a logging message
Got 2 posts
